{
  "stats": {
    "suites": 1,
    "tests": 1,
    "passes": 1,
    "pending": 0,
    "failures": 0,
    "start": "2022-06-07T04:16:34.376Z",
    "end": "2022-06-07T04:16:35.660Z",
    "duration": 1284,
    "testsRegistered": 1,
    "passPercent": 100,
    "pendingPercent": 0,
    "other": 0,
    "hasOther": false,
    "skipped": 0,
    "hasSkipped": false
  },
  "results": [
    {
      "uuid": "4ef206a6-6178-4657-90f9-6d7b279e1270",
      "title": "",
      "fullFile": "cypress/integration/regressionTest/demo.spec.js",
      "file": "cypress/integration/regressionTest/demo.spec.js",
      "beforeHooks": [],
      "afterHooks": [],
      "tests": [],
      "suites": [
        {
          "uuid": "a10bcfb4-631e-4054-bb30-e462a67714cf",
          "title": "Demo with Github API",
          "fullFile": "",
          "file": "",
          "beforeHooks": [],
          "afterHooks": [],
          "tests": [
            {
              "title": "Get metadata from Selenium Repo",
              "fullTitle": "Demo with Github API Get metadata from Selenium Repo",
              "timedOut": null,
              "duration": 1196,
              "state": "passed",
              "speed": "fast",
              "pass": true,
              "fail": false,
              "pending": false,
              "context": null,
              "code": "let repoData = await commonFunction.getMetaDataFromAPI(); //Get Data from Selenium Repo using Github API\nawait commonFunction.totalOpenIssuesAcrossAllRepo(repoData.body); //Count the total open issues across all Repo inside SeleniumHQ\nawait commonFunction.SortRepoByDateUpdatedInDescendingOrder(repoData.body); //Sort the repositories by date updated in descending order\nawait commonFunction.repoWithMostWatchers(repoData.body); //Repository has the most watchers",
              "err": {},
              "uuid": "6d9b8ee4-f4b8-4519-bcce-a125c1e58871",
              "parentUUID": "a10bcfb4-631e-4054-bb30-e462a67714cf",
              "isHook": false,
              "skipped": false
            }
          ],
          "suites": [],
          "passes": [
            "6d9b8ee4-f4b8-4519-bcce-a125c1e58871"
          ],
          "failures": [],
          "pending": [],
          "skipped": [],
          "duration": 1196,
          "root": false,
          "rootEmpty": false,
          "_timeout": 2000
        }
      ],
      "passes": [],
      "failures": [],
      "pending": [],
      "skipped": [],
      "duration": 0,
      "root": true,
      "rootEmpty": true,
      "_timeout": 2000
    }
  ],
  "meta": {
    "mocha": {
      "version": "7.0.1"
    },
    "mochawesome": {
      "options": {
        "quiet": false,
        "reportFilename": "mochawesome",
        "saveHtml": true,
        "saveJson": true,
        "consoleReporter": "spec",
        "useInlineDiffs": false,
        "code": true
      },
      "version": "7.1.3"
    },
    "marge": {
      "options": {
        "charts": true,
        "overwrite": false,
        "html": true,
        "json": true,
        "reportDir": "cypress/reports"
      },
      "version": "6.2.0"
    }
  }
}